# JRE version: Java(TM) SE Runtime Environment (8.0_271-b09) (build 1.8.0_271-b09)
# Java VM: Java HotSpot(TM) Client VM (25.271-b09 mixed mode windows-x86 )
Heap:
 par new generation   total 314560K, used 64335K [0x04a00000, 0x19f50000, 0x19f50000)
  eden space 279616K,  15% used [0x04a00000, 0x07449740, 0x15b10000)
  from space 34944K,  60% used [0x15b10000, 0x16f9a878, 0x17d30000)
  to   space 34944K,   0% used [0x17d30000, 0x17d30000, 0x19f50000)
 concurrent mark-sweep generation total 699072K, used 24383K [0x19f50000, 0x44a00000, 0x44a00000)
 Metaspace       used 15309K, capacity 15480K, committed 15616K, reserved 15744K
GC Heap History (6 events):
Event: 0.453 GC heap before
{Heap before GC invocations=0 (full 0):
 par new generation   total 314560K, used 44772K [0x04a00000, 0x19f50000, 0x19f50000)
  eden space 279616K,  16% used [0x04a00000, 0x075b9080, 0x15b10000)
  from space 34944K,   0% used [0x15b10000, 0x15b10000, 0x17d30000)
  to   space 34944K,   0% used [0x17d30000, 0x17d30000, 0x19f50000)
 concurrent mark-sweep generation total 699072K, used 0K [0x19f50000, 0x44a00000, 0x44a00000)
 Metaspace       used 6210K, capacity 6239K, committed 6400K, reserved 6528K
Event: 0.469 GC heap after
Heap after GC invocations=1 (full 1):
 par new generation   total 314560K, used 0K [0x04a00000, 0x19f50000, 0x19f50000)
  eden space 279616K,   0% used [0x04a00000, 0x04a00000, 0x15b10000)
  from space 34944K,   0% used [0x15b10000, 0x15b10000, 0x17d30000)
  to   space 34944K,   0% used [0x17d30000, 0x17d30000, 0x19f50000)
 concurrent mark-sweep generation total 699072K, used 5054K [0x19f50000, 0x44a00000, 0x44a00000)
 Metaspace       used 6210K, capacity 6239K, committed 6400K, reserved 6528K
}
Event: 2.781 GC heap before
{Heap before GC invocations=1 (full 2):
 par new generation   total 314560K, used 279616K [0x04a00000, 0x19f50000, 0x19f50000)
  eden space 279616K, 100% used [0x04a00000, 0x15b10000, 0x15b10000)
  from space 34944K,   0% used [0x15b10000, 0x15b10000, 0x17d30000)
  to   space 34944K,   0% used [0x17d30000, 0x17d30000, 0x19f50000)
 concurrent mark-sweep generation total 699072K, used 5054K [0x19f50000, 0x44a00000, 0x44a00000)
 Metaspace       used 11382K, capacity 11587K, committed 11648K, reserved 11648K
Event: 2.789 GC heap after
Heap after GC invocations=2 (full 2):
 par new generation   total 314560K, used 23582K [0x04a00000, 0x19f50000, 0x19f50000)
  eden space 279616K,   0% used [0x04a00000, 0x04a00000, 0x15b10000)
  from space 34944K,  67% used [0x17d30000, 0x194379e8, 0x19f50000)
  to   space 34944K,   0% used [0x15b10000, 0x15b10000, 0x17d30000)
 concurrent mark-sweep generation total 699072K, used 5054K [0x19f50000, 0x44a00000, 0x44a00000)
 Metaspace       used 11382K, capacity 11587K, committed 11648K, reserved 11648K
}
Event: 5.134 GC heap before
{Heap before GC invocations=2 (full 2):
 par new generation   total 314560K, used 303198K [0x04a00000, 0x19f50000, 0x19f50000)
  eden space 279616K, 100% used [0x04a00000, 0x15b10000, 0x15b10000)
  from space 34944K,  67% used [0x17d30000, 0x194379e8, 0x19f50000)
  to   space 34944K,   0% used [0x15b10000, 0x15b10000, 0x17d30000)
 concurrent mark-sweep generation total 699072K, used 5054K [0x19f50000, 0x44a00000, 0x44a00000)
 Metaspace       used 15290K, capacity 15480K, committed 15616K, reserved 15744K
Event: 5.163 GC heap after
Heap after GC invocations=3 (full 2):
 par new generation   total 314560K, used 21034K [0x04a00000, 0x19f50000, 0x19f50000)
  eden space 279616K,   0% used [0x04a00000, 0x04a00000, 0x15b10000)
  from space 34944K,  60% used [0x15b10000, 0x16f9a878, 0x17d30000)
  to   space 34944K,   0% used [0x17d30000, 0x17d30000, 0x19f50000)
 concurrent mark-sweep generation total 699072K, used 24383K [0x19f50000, 0x44a00000, 0x44a00000)
 Metaspace       used 15290K, capacity 15480K, committed 15616K, reserved 15744K
}

